#-----------------------------------------------------------
# Vivado v2022.2 (64-bit)
# SW Build 3671981 on Fri Oct 14 05:00:03 MDT 2022
# IP Build 3669848 on Fri Oct 14 08:30:02 MDT 2022
# Start of session at: Wed Apr 10 15:45:26 2024
# Process ID: 18424
# Current directory: C:/Users/An/Desktop/计IC]p/HW2/HW2/ref/project_1
# Command line: vivado.exe -gui_launcher_event rodinguilauncherevent18036 C:\Users\An\Desktop\计IC]p\HW2\HW2\ref\project_1\project_1.xpr
# Log file: C:/Users/An/Desktop/计IC]p/HW2/HW2/ref/project_1/vivado.log
# Journal file: C:/Users/An/Desktop/计IC]p/HW2/HW2/ref/project_1\vivado.jou
# Running On: DESKTOP-1IK0CIF, OS: Windows, CPU Frequency: 3408 MHz, CPU Physical cores: 4, Host memory: 34253 MB
#-----------------------------------------------------------
start_gui
open_project C:/Users/An/Desktop/计IC]p/HW2/HW2/ref/project_1/project_1.xpr
WARNING: [Board 49-26] cannot add Board Part xilinx.com:vek280_es:part0:1.0 available at C:/Xilinx/Vivado/2022.2/data/xhub/boards/XilinxBoardStore/boards/Xilinx/vek280/es/1.0/board.xml as part xcve2802-vsvh1760-2lp-e-s-es1 specified in board_part file is either invalid or not available
INFO: [Project 1-313] Project file moved from 'C:/Users/An/Desktop/IC/HW2/ref/project_1' since last save.
WARNING: [Board 49-26] cannot add Board Part xilinx.com:vhk158_es:part0:1.0 available at C:/Xilinx/Vivado/2022.2/data/xhub/boards/XilinxBoardStore/boards/Xilinx/vhk158/es/1.0/board.xml as part xcvh1582-vsva3697-2mp-e-s-es1 specified in board_part file is either invalid or not available
WARNING: [Board 49-26] cannot add Board Part xilinx.com:vpk120_es:part0:1.2 available at C:/Xilinx/Vivado/2022.2/data/xhub/boards/XilinxBoardStore/boards/Xilinx/vpk120/es/1.2/board.xml as part xcvp1202-vsva2785-2mp-e-s-es1 specified in board_part file is either invalid or not available
WARNING: [Board 49-26] cannot add Board Part xilinx.com:vpk120_es_revb:part0:1.0 available at C:/Xilinx/Vivado/2022.2/data/xhub/boards/XilinxBoardStore/boards/Xilinx/vpk120_revb/es/1.0/board.xml as part xcvp1202-vsva2785-2mp-e-s-es1 specified in board_part file is either invalid or not available
WARNING: [Board 49-26] cannot add Board Part xilinx.com:vpk180_es:part0:1.0 available at C:/Xilinx/Vivado/2022.2/data/xhub/boards/XilinxBoardStore/boards/Xilinx/vpk180/es/1.0/board.xml as part xcvp1802-lsvc4072-2mp-e-s-es1 specified in board_part file is either invalid or not available
WARNING: [Board 49-26] cannot add Board Part xilinx.com:zcu208ld:part0:2.0 available at C:/Xilinx/Vivado/2022.2/data/xhub/boards/XilinxBoardStore/boards/Xilinx/zcu208ld/production/2.0/board.xml as part xczu58dr-fsvg1517-2-i specified in board_part file is either invalid or not available
WARNING: [Board 49-26] cannot add Board Part xilinx.com:zcu216ld:part0:2.0 available at C:/Xilinx/Vivado/2022.2/data/xhub/boards/XilinxBoardStore/boards/Xilinx/zcu216ld/production/2.0/board.xml as part xczu59dr-ffvf1760-2-i specified in board_part file is either invalid or not available
WARNING: [Board 49-26] cannot add Board Part xilinx.com:zcu670:part0:2.0 available at C:/Xilinx/Vivado/2022.2/data/xhub/boards/XilinxBoardStore/boards/Xilinx/zcu670/2.0/board.xml as part xczu67dr-fsve1156-2-i specified in board_part file is either invalid or not available
WARNING: [Board 49-26] cannot add Board Part xilinx.com:zcu670ld:part0:1.0 available at C:/Xilinx/Vivado/2022.2/data/xhub/boards/XilinxBoardStore/boards/Xilinx/zcu670ld/1.0/board.xml as part xczu57dr-fsve1156-2-i specified in board_part file is either invalid or not available
INFO: [filemgmt 56-3] Default IP Output Path : Could not find the directory 'C:/Users/An/Desktop/计IC]p/HW2/HW2/ref/project_1/project_1.gen/sources_1'.
WARNING: [Project 1-312] File not found as 'C:/Users/An/Desktop/计IC]p/计IC]p/HW2/ref/CIPU.v'; using path 'C:/Users/An/Desktop/计IC]p/HW2/ref/CIPU.v' instead.
WARNING: [Project 1-312] File not found as 'C:/Users/An/Desktop/计IC]p/计IC]p/HW2/ref/tb.sv'; using path 'C:/Users/An/Desktop/计IC]p/HW2/ref/tb.sv' instead.
WARNING: [Project 1-312] File not found as 'C:/Users/An/Desktop/计IC]p/计IC]p/HW2/ref/golden/golden_thing.dat'; using path 'C:/Users/An/Desktop/计IC]p/HW2/ref/golden/golden_thing.dat' instead.
WARNING: [Project 1-312] File not found as 'C:/Users/An/Desktop/计IC]p/计IC]p/HW2/ref/golden/golden.dat'; using path 'C:/Users/An/Desktop/计IC]p/HW2/ref/golden/golden.dat' instead.
WARNING: [Project 1-312] File not found as 'C:/Users/An/Desktop/计IC]p/计IC]p/HW2/ref/pat/pop_num.dat'; using path 'C:/Users/An/Desktop/计IC]p/HW2/ref/pat/pop_num.dat' instead.
WARNING: [Project 1-312] File not found as 'C:/Users/An/Desktop/计IC]p/计IC]p/HW2/ref/pat/pattern_thing.dat'; using path 'C:/Users/An/Desktop/计IC]p/HW2/ref/pat/pattern_thing.dat' instead.
WARNING: [Project 1-312] File not found as 'C:/Users/An/Desktop/计IC]p/计IC]p/HW2/ref/pat/pattern.dat'; using path 'C:/Users/An/Desktop/计IC]p/HW2/ref/pat/pattern.dat' instead.
Scanning sources...
Finished scanning sources
INFO: [IP_Flow 19-234] Refreshing IP repositories
INFO: [IP_Flow 19-1704] No user IP repositories specified
INFO: [IP_Flow 19-2313] Loaded Vivado IP repository 'C:/Xilinx/Vivado/2022.2/data/ip'.
open_project: Time (s): cpu = 00:00:24 ; elapsed = 00:00:19 . Memory (MB): peak = 1681.547 ; gain = 310.203
update_compile_order -fileset sources_1
exit
INFO: [Common 17-206] Exiting Vivado at Wed Apr 10 15:46:52 2024...
